{"/Users/arthur/code/react-native/temple/src/features/gallery/albumsSlice.ts": {"path":"/Users/arthur/code/react-native/temple/src/features/gallery/albumsSlice.ts","statementMap":{"0":{"start":{"line":11,"column":41},"end":{"line":16,"column":1}},"1":{"start":{"line":22,"column":29},"end":{"line":40,"column":2}},"2":{"start":{"line":27,"column":6},"end":{"line":27,"column":27}},"3":{"start":{"line":30,"column":6},"end":{"line":30,"column":28}},"4":{"start":{"line":31,"column":6},"end":{"line":31,"column":26}},"5":{"start":{"line":32,"column":6},"end":{"line":32,"column":75}},"6":{"start":{"line":35,"column":6},"end":{"line":35,"column":28}},"7":{"start":{"line":36,"column":6},"end":{"line":36,"column":27}},"8":{"start":{"line":37,"column":6},"end":{"line":37,"column":35}},"9":{"start":{"line":46,"column":4},"end":{"line":46,"column":11}},"10":{"start":{"line":47,"column":29},"end":{"line":47,"column":36}}},"fnMap":{"0":{"name":"(anonymous_0)","decl":{"start":{"line":26,"column":4},"end":{"line":26,"column":5}},"loc":{"start":{"line":26,"column":30},"end":{"line":28,"column":5}},"line":26},"1":{"name":"(anonymous_1)","decl":{"start":{"line":29,"column":4},"end":{"line":29,"column":5}},"loc":{"start":{"line":29,"column":71},"end":{"line":33,"column":5}},"line":29},"2":{"name":"(anonymous_2)","decl":{"start":{"line":34,"column":4},"end":{"line":34,"column":5}},"loc":{"start":{"line":34,"column":38},"end":{"line":38,"column":5}},"line":34}},"branchMap":{},"s":{"0":1,"1":1,"2":0,"3":0,"4":0,"5":0,"6":0,"7":0,"8":0,"9":1,"10":1},"f":{"0":0,"1":0,"2":0},"b":{},"_coverageSchema":"1a1c01bbd47fc00a2c39e90264f33305004495a9","hash":"5e1b4c19e23083759a16a68afad50fd7288848ab"}
}
