{"/Users/arthur/code/react-native/temple/src/ParamList.ts": {"path":"/Users/arthur/code/react-native/temple/src/ParamList.ts","statementMap":{},"fnMap":{},"branchMap":{},"s":{},"f":{},"b":{}}
,"/Users/arthur/code/react-native/temple/src/Routes.tsx": {"path":"/Users/arthur/code/react-native/temple/src/Routes.tsx","statementMap":{"0":{"start":{"line":13,"column":45},"end":{"line":44,"column":1}},"1":{"start":{"line":14,"column":32},"end":{"line":14,"column":46}},"2":{"start":{"line":15,"column":19},"end":{"line":15,"column":32}},"3":{"start":{"line":16,"column":15},"end":{"line":16,"column":65}},"4":{"start":{"line":16,"column":49},"end":{"line":16,"column":64}},"5":{"start":{"line":17,"column":2},"end":{"line":29,"column":9}},"6":{"start":{"line":18,"column":4},"end":{"line":28,"column":9}},"7":{"start":{"line":20,"column":8},"end":{"line":23,"column":9}},"8":{"start":{"line":21,"column":29},"end":{"line":21,"column":51}},"9":{"start":{"line":22,"column":10},"end":{"line":22,"column":34}},"10":{"start":{"line":24,"column":8},"end":{"line":24,"column":26}},"11":{"start":{"line":27,"column":8},"end":{"line":27,"column":33}},"12":{"start":{"line":31,"column":2},"end":{"line":37,"column":3}},"13":{"start":{"line":32,"column":4},"end":{"line":36,"column":6}},"14":{"start":{"line":39,"column":2},"end":{"line":43,"column":4}}},"fnMap":{"0":{"name":"(anonymous_0)","decl":{"start":{"line":13,"column":45},"end":{"line":13,"column":46}},"loc":{"start":{"line":13,"column":53},"end":{"line":44,"column":1}},"line":13},"1":{"name":"(anonymous_1)","decl":{"start":{"line":16,"column":27},"end":{"line":16,"column":28}},"loc":{"start":{"line":16,"column":49},"end":{"line":16,"column":64}},"line":16},"2":{"name":"(anonymous_2)","decl":{"start":{"line":17,"column":12},"end":{"line":17,"column":13}},"loc":{"start":{"line":17,"column":18},"end":{"line":29,"column":3}},"line":17},"3":{"name":"(anonymous_3)","decl":{"start":{"line":19,"column":12},"end":{"line":19,"column":13}},"loc":{"start":{"line":19,"column":26},"end":{"line":25,"column":7}},"line":19},"4":{"name":"(anonymous_4)","decl":{"start":{"line":26,"column":13},"end":{"line":26,"column":14}},"loc":{"start":{"line":26,"column":18},"end":{"line":28,"column":7}},"line":26}},"branchMap":{"0":{"loc":{"start":{"line":20,"column":8},"end":{"line":23,"column":9}},"type":"if","locations":[{"start":{"line":20,"column":8},"end":{"line":23,"column":9}},{"start":{"line":20,"column":8},"end":{"line":23,"column":9}}],"line":20},"1":{"loc":{"start":{"line":31,"column":2},"end":{"line":37,"column":3}},"type":"if","locations":[{"start":{"line":31,"column":2},"end":{"line":37,"column":3}},{"start":{"line":31,"column":2},"end":{"line":37,"column":3}}],"line":31},"2":{"loc":{"start":{"line":41,"column":7},"end":{"line":41,"column":41}},"type":"cond-expr","locations":[{"start":{"line":41,"column":14},"end":{"line":41,"column":25}},{"start":{"line":41,"column":28},"end":{"line":41,"column":41}}],"line":41}},"s":{"0":0,"1":0,"2":0,"3":0,"4":0,"5":0,"6":0,"7":0,"8":0,"9":0,"10":0,"11":0,"12":0,"13":0,"14":0},"f":{"0":0,"1":0,"2":0,"3":0,"4":0},"b":{"0":[0,0],"1":[0,0],"2":[0,0]}}
,"/Users/arthur/code/react-native/temple/src/@types/Gallery.ts": {"path":"/Users/arthur/code/react-native/temple/src/@types/Gallery.ts","statementMap":{},"fnMap":{},"branchMap":{},"s":{},"f":{},"b":{}}
,"/Users/arthur/code/react-native/temple/src/features/AppTabs.tsx": {"path":"/Users/arthur/code/react-native/temple/src/features/AppTabs.tsx","statementMap":{"0":{"start":{"line":10,"column":13},"end":{"line":10,"column":50}},"1":{"start":{"line":12,"column":47},"end":{"line":43,"column":1}},"2":{"start":{"line":13,"column":2},"end":{"line":42,"column":4}},"3":{"start":{"line":15,"column":37},"end":{"line":33,"column":7}},"4":{"start":{"line":17,"column":26},"end":{"line":26,"column":11}},"5":{"start":{"line":18,"column":12},"end":{"line":25,"column":13}},"6":{"start":{"line":20,"column":16},"end":{"line":20,"column":35}},"7":{"start":{"line":22,"column":16},"end":{"line":22,"column":35}},"8":{"start":{"line":24,"column":16},"end":{"line":24,"column":43}},"9":{"start":{"line":29,"column":10},"end":{"line":31,"column":12}}},"fnMap":{"0":{"name":"(anonymous_0)","decl":{"start":{"line":12,"column":47},"end":{"line":12,"column":48}},"loc":{"start":{"line":12,"column":55},"end":{"line":43,"column":1}},"line":12},"1":{"name":"(anonymous_1)","decl":{"start":{"line":15,"column":21},"end":{"line":15,"column":22}},"loc":{"start":{"line":15,"column":37},"end":{"line":33,"column":7}},"line":15},"2":{"name":"(anonymous_2)","decl":{"start":{"line":16,"column":20},"end":{"line":16,"column":21}},"loc":{"start":{"line":16,"column":41},"end":{"line":32,"column":9}},"line":16},"3":{"name":"(anonymous_3)","decl":{"start":{"line":17,"column":26},"end":{"line":17,"column":27}},"loc":{"start":{"line":17,"column":49},"end":{"line":26,"column":11}},"line":17}},"branchMap":{"0":{"loc":{"start":{"line":18,"column":12},"end":{"line":25,"column":13}},"type":"switch","locations":[{"start":{"line":19,"column":14},"end":{"line":20,"column":35}},{"start":{"line":21,"column":14},"end":{"line":22,"column":35}},{"start":{"line":23,"column":14},"end":{"line":24,"column":43}}],"line":18}},"s":{"0":0,"1":0,"2":0,"3":0,"4":0,"5":0,"6":0,"7":0,"8":0,"9":0},"f":{"0":0,"1":0,"2":0,"3":0},"b":{"0":[0,0,0]}}
,"/Users/arthur/code/react-native/temple/src/features/Center.tsx": {"path":"/Users/arthur/code/react-native/temple/src/features/Center.tsx","statementMap":{"0":{"start":{"line":6,"column":45},"end":{"line":12,"column":1}},"1":{"start":{"line":7,"column":2},"end":{"line":11,"column":4}}},"fnMap":{"0":{"name":"(anonymous_0)","decl":{"start":{"line":6,"column":45},"end":{"line":6,"column":46}},"loc":{"start":{"line":6,"column":63},"end":{"line":12,"column":1}},"line":6}},"branchMap":{},"s":{"0":0,"1":0},"f":{"0":0},"b":{}}
,"/Users/arthur/code/react-native/temple/src/features/auth/AuthParamList.ts": {"path":"/Users/arthur/code/react-native/temple/src/features/auth/AuthParamList.ts","statementMap":{},"fnMap":{},"branchMap":{},"s":{},"f":{},"b":{}}
,"/Users/arthur/code/react-native/temple/src/features/auth/AuthStack.tsx": {"path":"/Users/arthur/code/react-native/temple/src/features/auth/AuthStack.tsx","statementMap":{"0":{"start":{"line":8,"column":14},"end":{"line":8,"column":47}},"1":{"start":{"line":10,"column":51},"end":{"line":22,"column":1}},"2":{"start":{"line":11,"column":2},"end":{"line":21,"column":4}},"3":{"start":{"line":15,"column":22},"end":{"line":15,"column":26}}},"fnMap":{"0":{"name":"(anonymous_0)","decl":{"start":{"line":10,"column":51},"end":{"line":10,"column":52}},"loc":{"start":{"line":10,"column":59},"end":{"line":22,"column":1}},"line":10},"1":{"name":"(anonymous_1)","decl":{"start":{"line":15,"column":16},"end":{"line":15,"column":17}},"loc":{"start":{"line":15,"column":22},"end":{"line":15,"column":26}},"line":15}},"branchMap":{},"s":{"0":0,"1":0,"2":0,"3":0},"f":{"0":0,"1":0},"b":{}}
,"/Users/arthur/code/react-native/temple/src/features/auth/Login.tsx": {"path":"/Users/arthur/code/react-native/temple/src/features/auth/Login.tsx","statementMap":{"0":{"start":{"line":10,"column":43},"end":{"line":24,"column":1}},"1":{"start":{"line":11,"column":19},"end":{"line":11,"column":32}},"2":{"start":{"line":12,"column":15},"end":{"line":12,"column":65}},"3":{"start":{"line":12,"column":49},"end":{"line":12,"column":64}},"4":{"start":{"line":13,"column":2},"end":{"line":23,"column":4}},"5":{"start":{"line":18,"column":23},"end":{"line":18,"column":54}},"6":{"start":{"line":20,"column":43},"end":{"line":20,"column":66}},"7":{"start":{"line":21,"column":53},"end":{"line":21,"column":71}}},"fnMap":{"0":{"name":"(anonymous_0)","decl":{"start":{"line":10,"column":43},"end":{"line":10,"column":44}},"loc":{"start":{"line":10,"column":63},"end":{"line":24,"column":1}},"line":10},"1":{"name":"(anonymous_1)","decl":{"start":{"line":12,"column":27},"end":{"line":12,"column":28}},"loc":{"start":{"line":12,"column":49},"end":{"line":12,"column":64}},"line":12},"2":{"name":"(anonymous_2)","decl":{"start":{"line":18,"column":17},"end":{"line":18,"column":18}},"loc":{"start":{"line":18,"column":23},"end":{"line":18,"column":54}},"line":18},"3":{"name":"(anonymous_3)","decl":{"start":{"line":20,"column":37},"end":{"line":20,"column":38}},"loc":{"start":{"line":20,"column":43},"end":{"line":20,"column":66}},"line":20},"4":{"name":"(anonymous_4)","decl":{"start":{"line":21,"column":47},"end":{"line":21,"column":48}},"loc":{"start":{"line":21,"column":53},"end":{"line":21,"column":71}},"line":21}},"branchMap":{"0":{"loc":{"start":{"line":21,"column":7},"end":{"line":21,"column":75}},"type":"binary-expr","locations":[{"start":{"line":21,"column":7},"end":{"line":21,"column":11}},{"start":{"line":21,"column":15},"end":{"line":21,"column":75}}],"line":21}},"s":{"0":0,"1":0,"2":0,"3":0,"4":0,"5":0,"6":0,"7":0},"f":{"0":0,"1":0,"2":0,"3":0,"4":0},"b":{"0":[0,0]}}
,"/Users/arthur/code/react-native/temple/src/features/auth/Register.tsx": {"path":"/Users/arthur/code/react-native/temple/src/features/auth/Register.tsx","statementMap":{"0":{"start":{"line":7,"column":49},"end":{"line":17,"column":1}},"1":{"start":{"line":8,"column":2},"end":{"line":16,"column":4}},"2":{"start":{"line":13,"column":23},"end":{"line":13,"column":51}}},"fnMap":{"0":{"name":"(anonymous_0)","decl":{"start":{"line":7,"column":49},"end":{"line":7,"column":50}},"loc":{"start":{"line":7,"column":69},"end":{"line":17,"column":1}},"line":7},"1":{"name":"(anonymous_1)","decl":{"start":{"line":13,"column":17},"end":{"line":13,"column":18}},"loc":{"start":{"line":13,"column":23},"end":{"line":13,"column":51}},"line":13}},"branchMap":{},"s":{"0":0,"1":0,"2":0},"f":{"0":0,"1":0},"b":{}}
,"/Users/arthur/code/react-native/temple/src/features/auth/authSlice.ts": {"path":"/Users/arthur/code/react-native/temple/src/features/auth/authSlice.ts","statementMap":{"0":{"start":{"line":10,"column":39},"end":{"line":15,"column":1}},"1":{"start":{"line":17,"column":29},"end":{"line":35,"column":2}},"2":{"start":{"line":22,"column":6},"end":{"line":22,"column":27}},"3":{"start":{"line":25,"column":6},"end":{"line":25,"column":28}},"4":{"start":{"line":26,"column":6},"end":{"line":26,"column":26}},"5":{"start":{"line":27,"column":6},"end":{"line":27,"column":34}},"6":{"start":{"line":30,"column":6},"end":{"line":30,"column":28}},"7":{"start":{"line":31,"column":6},"end":{"line":31,"column":27}},"8":{"start":{"line":32,"column":6},"end":{"line":32,"column":35}},"9":{"start":{"line":37,"column":66},"end":{"line":37,"column":73}},"10":{"start":{"line":38,"column":27},"end":{"line":38,"column":34}},"11":{"start":{"line":40,"column":21},"end":{"line":45,"column":1}},"12":{"start":{"line":40,"column":51},"end":{"line":45,"column":1}},"13":{"start":{"line":41,"column":2},"end":{"line":41,"column":29}},"14":{"start":{"line":42,"column":15},"end":{"line":42,"column":25}},"15":{"start":{"line":43,"column":2},"end":{"line":43,"column":59}},"16":{"start":{"line":44,"column":2},"end":{"line":44,"column":33}},"17":{"start":{"line":47,"column":22},"end":{"line":51,"column":1}},"18":{"start":{"line":47,"column":38},"end":{"line":51,"column":1}},"19":{"start":{"line":48,"column":2},"end":{"line":48,"column":29}},"20":{"start":{"line":49,"column":2},"end":{"line":49,"column":40}},"21":{"start":{"line":50,"column":2},"end":{"line":50,"column":33}}},"fnMap":{"0":{"name":"(anonymous_0)","decl":{"start":{"line":21,"column":4},"end":{"line":21,"column":5}},"loc":{"start":{"line":21,"column":26},"end":{"line":23,"column":5}},"line":21},"1":{"name":"(anonymous_1)","decl":{"start":{"line":24,"column":4},"end":{"line":24,"column":5}},"loc":{"start":{"line":24,"column":34},"end":{"line":28,"column":5}},"line":24},"2":{"name":"(anonymous_2)","decl":{"start":{"line":29,"column":4},"end":{"line":29,"column":5}},"loc":{"start":{"line":29,"column":34},"end":{"line":33,"column":5}},"line":29},"3":{"name":"(anonymous_3)","decl":{"start":{"line":40,"column":21},"end":{"line":40,"column":22}},"loc":{"start":{"line":40,"column":51},"end":{"line":45,"column":1}},"line":40},"4":{"name":"(anonymous_4)","decl":{"start":{"line":40,"column":51},"end":{"line":40,"column":52}},"loc":{"start":{"line":40,"column":69},"end":{"line":45,"column":1}},"line":40},"5":{"name":"(anonymous_5)","decl":{"start":{"line":47,"column":22},"end":{"line":47,"column":23}},"loc":{"start":{"line":47,"column":38},"end":{"line":51,"column":1}},"line":47},"6":{"name":"(anonymous_6)","decl":{"start":{"line":47,"column":38},"end":{"line":47,"column":39}},"loc":{"start":{"line":47,"column":56},"end":{"line":51,"column":1}},"line":47}},"branchMap":{},"s":{"0":0,"1":0,"2":0,"3":0,"4":0,"5":0,"6":0,"7":0,"8":0,"9":0,"10":0,"11":0,"12":0,"13":0,"14":0,"15":0,"16":0,"17":0,"18":0,"19":0,"20":0,"21":0},"f":{"0":0,"1":0,"2":0,"3":0,"4":0,"5":0,"6":0},"b":{}}
,"/Users/arthur/code/react-native/temple/src/features/gallery/Album.tsx": {"path":"/Users/arthur/code/react-native/temple/src/features/gallery/Album.tsx","statementMap":{"0":{"start":{"line":21,"column":15},"end":{"line":44,"column":2}},"1":{"start":{"line":48,"column":14},"end":{"line":106,"column":1}},"2":{"start":{"line":54,"column":19},"end":{"line":54,"column":32}},"3":{"start":{"line":56,"column":4},"end":{"line":56,"column":68}},"4":{"start":{"line":56,"column":38},"end":{"line":56,"column":61}},"5":{"start":{"line":58,"column":21},"end":{"line":68,"column":3}},"6":{"start":{"line":59,"column":4},"end":{"line":59,"column":35}},"7":{"start":{"line":60,"column":4},"end":{"line":67,"column":5}},"8":{"start":{"line":61,"column":23},"end":{"line":63,"column":7}},"9":{"start":{"line":64,"column":6},"end":{"line":64,"column":52}},"10":{"start":{"line":66,"column":6},"end":{"line":66,"column":46}},"11":{"start":{"line":69,"column":2},"end":{"line":73,"column":9}},"12":{"start":{"line":70,"column":4},"end":{"line":72,"column":5}},"13":{"start":{"line":71,"column":6},"end":{"line":71,"column":19}},"14":{"start":{"line":75,"column":20},"end":{"line":77,"column":3}},"15":{"start":{"line":76,"column":4},"end":{"line":76,"column":39}},"16":{"start":{"line":78,"column":2},"end":{"line":105,"column":4}},"17":{"start":{"line":84,"column":12},"end":{"line":97,"column":19}},"18":{"start":{"line":91,"column":47},"end":{"line":91,"column":62}},"19":{"start":{"line":101,"column":32},"end":{"line":101,"column":42}}},"fnMap":{"0":{"name":"(anonymous_0)","decl":{"start":{"line":48,"column":14},"end":{"line":48,"column":15}},"loc":{"start":{"line":53,"column":18},"end":{"line":106,"column":1}},"line":53},"1":{"name":"(anonymous_1)","decl":{"start":{"line":56,"column":16},"end":{"line":56,"column":17}},"loc":{"start":{"line":56,"column":38},"end":{"line":56,"column":61}},"line":56},"2":{"name":"(anonymous_2)","decl":{"start":{"line":58,"column":21},"end":{"line":58,"column":22}},"loc":{"start":{"line":58,"column":33},"end":{"line":68,"column":3}},"line":58},"3":{"name":"(anonymous_3)","decl":{"start":{"line":69,"column":12},"end":{"line":69,"column":13}},"loc":{"start":{"line":69,"column":18},"end":{"line":73,"column":3}},"line":69},"4":{"name":"(anonymous_4)","decl":{"start":{"line":75,"column":20},"end":{"line":75,"column":21}},"loc":{"start":{"line":75,"column":41},"end":{"line":77,"column":3}},"line":75},"5":{"name":"(anonymous_5)","decl":{"start":{"line":83,"column":22},"end":{"line":83,"column":23}},"loc":{"start":{"line":84,"column":12},"end":{"line":97,"column":19}},"line":84},"6":{"name":"(anonymous_6)","decl":{"start":{"line":91,"column":41},"end":{"line":91,"column":42}},"loc":{"start":{"line":91,"column":47},"end":{"line":91,"column":62}},"line":91},"7":{"name":"(anonymous_7)","decl":{"start":{"line":101,"column":24},"end":{"line":101,"column":25}},"loc":{"start":{"line":101,"column":32},"end":{"line":101,"column":42}},"line":101}},"branchMap":{"0":{"loc":{"start":{"line":56,"column":4},"end":{"line":56,"column":68}},"type":"binary-expr","locations":[{"start":{"line":56,"column":4},"end":{"line":56,"column":62}},{"start":{"line":56,"column":66},"end":{"line":56,"column":68}}],"line":56},"1":{"loc":{"start":{"line":70,"column":4},"end":{"line":72,"column":5}},"type":"if","locations":[{"start":{"line":70,"column":4},"end":{"line":72,"column":5}},{"start":{"line":70,"column":4},"end":{"line":72,"column":5}}],"line":70},"2":{"loc":{"start":{"line":80,"column":7},"end":{"line":103,"column":7}},"type":"binary-expr","locations":[{"start":{"line":80,"column":7},"end":{"line":80,"column":25}},{"start":{"line":81,"column":8},"end":{"line":102,"column":10}}],"line":80}},"s":{"0":0,"1":0,"2":0,"3":0,"4":0,"5":0,"6":0,"7":0,"8":0,"9":0,"10":0,"11":0,"12":0,"13":0,"14":0,"15":0,"16":0,"17":0,"18":0,"19":0},"f":{"0":0,"1":0,"2":0,"3":0,"4":0,"5":0,"6":0,"7":0},"b":{"0":[0,0],"1":[0,0],"2":[0,0]}}
,"/Users/arthur/code/react-native/temple/src/features/gallery/Gallery.tsx": {"path":"/Users/arthur/code/react-native/temple/src/features/gallery/Gallery.tsx","statementMap":{"0":{"start":{"line":21,"column":15},"end":{"line":45,"column":2}},"1":{"start":{"line":49,"column":16},"end":{"line":102,"column":1}},"2":{"start":{"line":50,"column":19},"end":{"line":50,"column":32}},"3":{"start":{"line":51,"column":18},"end":{"line":51,"column":74}},"4":{"start":{"line":51,"column":52},"end":{"line":51,"column":73}},"5":{"start":{"line":53,"column":4},"end":{"line":53,"column":66}},"6":{"start":{"line":53,"column":38},"end":{"line":53,"column":59}},"7":{"start":{"line":54,"column":23},"end":{"line":64,"column":3}},"8":{"start":{"line":55,"column":4},"end":{"line":55,"column":36}},"9":{"start":{"line":56,"column":4},"end":{"line":63,"column":5}},"10":{"start":{"line":57,"column":23},"end":{"line":59,"column":7}},"11":{"start":{"line":60,"column":6},"end":{"line":60,"column":42}},"12":{"start":{"line":62,"column":6},"end":{"line":62,"column":47}},"13":{"start":{"line":66,"column":2},"end":{"line":70,"column":9}},"14":{"start":{"line":67,"column":4},"end":{"line":69,"column":5}},"15":{"start":{"line":68,"column":6},"end":{"line":68,"column":21}},"16":{"start":{"line":72,"column":20},"end":{"line":74,"column":3}},"17":{"start":{"line":73,"column":4},"end":{"line":73,"column":48}},"18":{"start":{"line":76,"column":2},"end":{"line":101,"column":4}},"19":{"start":{"line":82,"column":10},"end":{"line":94,"column":17}},"20":{"start":{"line":90,"column":29},"end":{"line":90,"column":74}},"21":{"start":{"line":98,"column":30},"end":{"line":98,"column":40}}},"fnMap":{"0":{"name":"(anonymous_0)","decl":{"start":{"line":49,"column":16},"end":{"line":49,"column":17}},"loc":{"start":{"line":49,"column":50},"end":{"line":102,"column":1}},"line":49},"1":{"name":"(anonymous_1)","decl":{"start":{"line":51,"column":30},"end":{"line":51,"column":31}},"loc":{"start":{"line":51,"column":52},"end":{"line":51,"column":73}},"line":51},"2":{"name":"(anonymous_2)","decl":{"start":{"line":53,"column":16},"end":{"line":53,"column":17}},"loc":{"start":{"line":53,"column":38},"end":{"line":53,"column":59}},"line":53},"3":{"name":"(anonymous_3)","decl":{"start":{"line":54,"column":23},"end":{"line":54,"column":24}},"loc":{"start":{"line":54,"column":35},"end":{"line":64,"column":3}},"line":54},"4":{"name":"(anonymous_4)","decl":{"start":{"line":66,"column":12},"end":{"line":66,"column":13}},"loc":{"start":{"line":66,"column":18},"end":{"line":70,"column":3}},"line":66},"5":{"name":"(anonymous_5)","decl":{"start":{"line":72,"column":20},"end":{"line":72,"column":21}},"loc":{"start":{"line":72,"column":46},"end":{"line":74,"column":3}},"line":72},"6":{"name":"(anonymous_6)","decl":{"start":{"line":81,"column":20},"end":{"line":81,"column":21}},"loc":{"start":{"line":82,"column":10},"end":{"line":94,"column":17}},"line":82},"7":{"name":"(anonymous_7)","decl":{"start":{"line":90,"column":23},"end":{"line":90,"column":24}},"loc":{"start":{"line":90,"column":29},"end":{"line":90,"column":74}},"line":90},"8":{"name":"(anonymous_8)","decl":{"start":{"line":98,"column":22},"end":{"line":98,"column":23}},"loc":{"start":{"line":98,"column":30},"end":{"line":98,"column":40}},"line":98}},"branchMap":{"0":{"loc":{"start":{"line":53,"column":4},"end":{"line":53,"column":66}},"type":"binary-expr","locations":[{"start":{"line":53,"column":4},"end":{"line":53,"column":60}},{"start":{"line":53,"column":64},"end":{"line":53,"column":66}}],"line":53},"1":{"loc":{"start":{"line":67,"column":4},"end":{"line":69,"column":5}},"type":"if","locations":[{"start":{"line":67,"column":4},"end":{"line":69,"column":5}},{"start":{"line":67,"column":4},"end":{"line":69,"column":5}}],"line":67},"2":{"loc":{"start":{"line":78,"column":7},"end":{"line":78,"column":52}},"type":"binary-expr","locations":[{"start":{"line":78,"column":7},"end":{"line":78,"column":14}},{"start":{"line":78,"column":18},"end":{"line":78,"column":52}}],"line":78}},"s":{"0":0,"1":0,"2":0,"3":0,"4":0,"5":0,"6":0,"7":0,"8":0,"9":0,"10":0,"11":0,"12":0,"13":0,"14":0,"15":0,"16":0,"17":0,"18":0,"19":0,"20":0,"21":0},"f":{"0":0,"1":0,"2":0,"3":0,"4":0,"5":0,"6":0,"7":0,"8":0},"b":{"0":[0,0],"1":[0,0],"2":[0,0]}}
,"/Users/arthur/code/react-native/temple/src/features/gallery/GalleryStack.tsx": {"path":"/Users/arthur/code/react-native/temple/src/features/gallery/GalleryStack.tsx","statementMap":{"0":{"start":{"line":12,"column":14},"end":{"line":12,"column":47}},"1":{"start":{"line":14,"column":57},"end":{"line":46,"column":1}},"2":{"start":{"line":15,"column":2},"end":{"line":45,"column":4}},"3":{"start":{"line":22,"column":12},"end":{"line":26,"column":14}},"4":{"start":{"line":31,"column":33},"end":{"line":33,"column":9}},"5":{"start":{"line":38,"column":33},"end":{"line":40,"column":9}}},"fnMap":{"0":{"name":"(anonymous_0)","decl":{"start":{"line":14,"column":57},"end":{"line":14,"column":58}},"loc":{"start":{"line":14,"column":65},"end":{"line":46,"column":1}},"line":14},"1":{"name":"(anonymous_1)","decl":{"start":{"line":21,"column":23},"end":{"line":21,"column":24}},"loc":{"start":{"line":21,"column":29},"end":{"line":27,"column":11}},"line":21},"2":{"name":"(anonymous_2)","decl":{"start":{"line":31,"column":17},"end":{"line":31,"column":18}},"loc":{"start":{"line":31,"column":33},"end":{"line":33,"column":9}},"line":31},"3":{"name":"(anonymous_3)","decl":{"start":{"line":38,"column":17},"end":{"line":38,"column":18}},"loc":{"start":{"line":38,"column":33},"end":{"line":40,"column":9}},"line":38}},"branchMap":{},"s":{"0":0,"1":0,"2":0,"3":0,"4":0,"5":0},"f":{"0":0,"1":0,"2":0,"3":0},"b":{}}
,"/Users/arthur/code/react-native/temple/src/features/gallery/Photo.tsx": {"path":"/Users/arthur/code/react-native/temple/src/features/gallery/Photo.tsx","statementMap":{"0":{"start":{"line":8,"column":43},"end":{"line":21,"column":1}},"1":{"start":{"line":13,"column":2},"end":{"line":20,"column":4}}},"fnMap":{"0":{"name":"(anonymous_0)","decl":{"start":{"line":8,"column":43},"end":{"line":8,"column":44}},"loc":{"start":{"line":12,"column":6},"end":{"line":21,"column":1}},"line":12}},"branchMap":{},"s":{"0":0,"1":0},"f":{"0":0},"b":{}}
,"/Users/arthur/code/react-native/temple/src/features/gallery/albumsSlice.ts": {"path":"/Users/arthur/code/react-native/temple/src/features/gallery/albumsSlice.ts","statementMap":{"0":{"start":{"line":11,"column":41},"end":{"line":16,"column":1}},"1":{"start":{"line":22,"column":29},"end":{"line":40,"column":2}},"2":{"start":{"line":27,"column":6},"end":{"line":27,"column":27}},"3":{"start":{"line":30,"column":6},"end":{"line":30,"column":28}},"4":{"start":{"line":31,"column":6},"end":{"line":31,"column":26}},"5":{"start":{"line":32,"column":6},"end":{"line":32,"column":75}},"6":{"start":{"line":35,"column":6},"end":{"line":35,"column":28}},"7":{"start":{"line":36,"column":6},"end":{"line":36,"column":27}},"8":{"start":{"line":37,"column":6},"end":{"line":37,"column":35}},"9":{"start":{"line":46,"column":4},"end":{"line":46,"column":11}},"10":{"start":{"line":47,"column":29},"end":{"line":47,"column":36}}},"fnMap":{"0":{"name":"(anonymous_0)","decl":{"start":{"line":26,"column":4},"end":{"line":26,"column":5}},"loc":{"start":{"line":26,"column":30},"end":{"line":28,"column":5}},"line":26},"1":{"name":"(anonymous_1)","decl":{"start":{"line":29,"column":4},"end":{"line":29,"column":5}},"loc":{"start":{"line":29,"column":71},"end":{"line":33,"column":5}},"line":29},"2":{"name":"(anonymous_2)","decl":{"start":{"line":34,"column":4},"end":{"line":34,"column":5}},"loc":{"start":{"line":34,"column":38},"end":{"line":38,"column":5}},"line":34}},"branchMap":{},"s":{"0":1,"1":1,"2":0,"3":0,"4":0,"5":0,"6":0,"7":0,"8":0,"9":1,"10":1},"f":{"0":0,"1":0,"2":0},"b":{},"_coverageSchema":"1a1c01bbd47fc00a2c39e90264f33305004495a9","hash":"5e1b4c19e23083759a16a68afad50fd7288848ab"}
,"/Users/arthur/code/react-native/temple/src/features/gallery/gallerySlice.ts": {"path":"/Users/arthur/code/react-native/temple/src/features/gallery/gallerySlice.ts","statementMap":{"0":{"start":{"line":11,"column":42},"end":{"line":16,"column":1}},"1":{"start":{"line":18,"column":29},"end":{"line":36,"column":2}},"2":{"start":{"line":23,"column":6},"end":{"line":23,"column":27}},"3":{"start":{"line":26,"column":6},"end":{"line":26,"column":28}},"4":{"start":{"line":27,"column":6},"end":{"line":27,"column":26}},"5":{"start":{"line":28,"column":6},"end":{"line":28,"column":37}},"6":{"start":{"line":31,"column":6},"end":{"line":31,"column":28}},"7":{"start":{"line":32,"column":6},"end":{"line":32,"column":27}},"8":{"start":{"line":33,"column":6},"end":{"line":33,"column":35}},"9":{"start":{"line":42,"column":4},"end":{"line":42,"column":11}},"10":{"start":{"line":43,"column":30},"end":{"line":43,"column":37}}},"fnMap":{"0":{"name":"(anonymous_0)","decl":{"start":{"line":22,"column":4},"end":{"line":22,"column":5}},"loc":{"start":{"line":22,"column":31},"end":{"line":24,"column":5}},"line":22},"1":{"name":"(anonymous_1)","decl":{"start":{"line":25,"column":4},"end":{"line":25,"column":5}},"loc":{"start":{"line":25,"column":39},"end":{"line":29,"column":5}},"line":25},"2":{"name":"(anonymous_2)","decl":{"start":{"line":30,"column":4},"end":{"line":30,"column":5}},"loc":{"start":{"line":30,"column":39},"end":{"line":34,"column":5}},"line":30}},"branchMap":{},"s":{"0":0,"1":0,"2":0,"3":0,"4":0,"5":0,"6":0,"7":0,"8":0,"9":0,"10":0},"f":{"0":0,"1":0,"2":0},"b":{}}
,"/Users/arthur/code/react-native/temple/src/features/profile/Profile.tsx": {"path":"/Users/arthur/code/react-native/temple/src/features/profile/Profile.tsx","statementMap":{"0":{"start":{"line":11,"column":47},"end":{"line":20,"column":1}},"1":{"start":{"line":12,"column":19},"end":{"line":12,"column":32}},"2":{"start":{"line":13,"column":15},"end":{"line":13,"column":65}},"3":{"start":{"line":13,"column":49},"end":{"line":13,"column":64}},"4":{"start":{"line":14,"column":2},"end":{"line":19,"column":4}},"5":{"start":{"line":17,"column":44},"end":{"line":17,"column":62}}},"fnMap":{"0":{"name":"(anonymous_0)","decl":{"start":{"line":11,"column":47},"end":{"line":11,"column":48}},"loc":{"start":{"line":11,"column":55},"end":{"line":20,"column":1}},"line":11},"1":{"name":"(anonymous_1)","decl":{"start":{"line":13,"column":27},"end":{"line":13,"column":28}},"loc":{"start":{"line":13,"column":49},"end":{"line":13,"column":64}},"line":13},"2":{"name":"(anonymous_2)","decl":{"start":{"line":17,"column":38},"end":{"line":17,"column":39}},"loc":{"start":{"line":17,"column":44},"end":{"line":17,"column":62}},"line":17}},"branchMap":{"0":{"loc":{"start":{"line":16,"column":32},"end":{"line":16,"column":54}},"type":"binary-expr","locations":[{"start":{"line":16,"column":32},"end":{"line":16,"column":44}},{"start":{"line":16,"column":48},"end":{"line":16,"column":54}}],"line":16}},"s":{"0":0,"1":0,"2":0,"3":0,"4":0,"5":0},"f":{"0":0,"1":0,"2":0},"b":{"0":[0,0]}}
,"/Users/arthur/code/react-native/temple/src/redux/store.ts": {"path":"/Users/arthur/code/react-native/temple/src/redux/store.ts","statementMap":{"0":{"start":{"line":7,"column":14},"end":{"line":14,"column":2}}},"fnMap":{},"branchMap":{},"s":{"0":0},"f":{},"b":{}}
}
